android/app/build/intermediates/manifest_merge_blame_file/debug/manifest-merger-blame-debug-report.txt
1<?xml version="1.0" encoding="utf-8"?>
2<manifest xmlns:android="http://schemas.android.com/apk/res/android"
3    package="com.ktguru"
4    android:versionCode="1"
5    android:versionName="1.0" >
6
7    <uses-sdk
8        android:minSdkVersion="21"
9        android:targetSdkVersion="33" />
10
11    <uses-permission android:name="android.permission.SYSTEM_ALERT_WINDOW" />
11-->src\debug\AndroidManifest.xml:5:5-77
11-->src\debug\AndroidManifest.xml:5:22-75
12    <uses-permission android:name="android.permission.INTERNET" />
12-->src\main\AndroidManifest.xml:3:5-66
12-->src\main\AndroidManifest.xml:3:22-64
13    <uses-permission android:name="android.permission.CAMERA" />
13-->src\main\AndroidManifest.xml:4:5-64
13-->src\main\AndroidManifest.xml:4:22-62
14    <uses-permission android:name="android.permission.WRITE_EXTERNAL_STORAGE" />
14-->src\main\AndroidManifest.xml:5:5-80
14-->src\main\AndroidManifest.xml:5:22-78
15
16    <uses-feature
16-->src\main\AndroidManifest.xml:6:5-84
17        android:name="android.hardware.camera"
17-->src\main\AndroidManifest.xml:6:19-57
18        android:required="false" />
18-->src\main\AndroidManifest.xml:6:58-82
19    <uses-feature
19-->src\main\AndroidManifest.xml:7:5-90
20        android:name="android.hardware.camera.front"
20-->src\main\AndroidManifest.xml:7:19-63
21        android:required="false" />
21-->src\main\AndroidManifest.xml:7:64-88
22
23    <uses-permission android:name="android.permission.ACCESS_WIFI_STATE" />
23-->[com.facebook.flipper:flipper:0.125.0] AndroidManifest.xml:16:5-76
23-->[com.facebook.flipper:flipper:0.125.0] AndroidManifest.xml:16:22-73
24    <uses-permission android:name="android.permission.ACCESS_NETWORK_STATE" />
24-->[:react-native-firebase_analytics] AndroidManifest.xml:9:5-79
24-->[:react-native-firebase_analytics] AndroidManifest.xml:9:22-76
25    <uses-permission android:name="android.permission.WAKE_LOCK" />
25-->[:react-native-firebase_analytics] AndroidManifest.xml:11:5-68
25-->[:react-native-firebase_analytics] AndroidManifest.xml:11:22-65
26
27    <queries>
27-->[:react-native-image-crop-picker] AndroidManifest.xml:9:5-13:15
28        <intent>
28-->[:react-native-image-crop-picker] AndroidManifest.xml:10:9-12:18
29            <action android:name="android.media.action.IMAGE_CAPTURE" />
29-->[:react-native-image-crop-picker] AndroidManifest.xml:11:13-73
29-->[:react-native-image-crop-picker] AndroidManifest.xml:11:21-70
30        </intent>
31    </queries> <!-- Required to access Google Play Licensing -->
32    <uses-permission android:name="com.android.vending.CHECK_LICENSE" />
32-->[:rn-fetch-blob] AndroidManifest.xml:10:5-73
32-->[:rn-fetch-blob] AndroidManifest.xml:10:22-70
33    <uses-permission android:name="android.permission.POST_NOTIFICATIONS" /> <!-- Required by older versions of Google Play services to create IID tokens -->
33-->[com.google.firebase:firebase-messaging:23.1.2] AndroidManifest.xml:25:5-77
33-->[com.google.firebase:firebase-messaging:23.1.2] AndroidManifest.xml:25:22-74
34    <uses-permission android:name="com.google.android.c2dm.permission.RECEIVE" />
34-->[com.google.firebase:firebase-messaging:23.1.2] AndroidManifest.xml:28:5-82
34-->[com.google.firebase:firebase-messaging:23.1.2] AndroidManifest.xml:28:22-79
35    <uses-permission android:name="com.google.android.gms.permission.AD_ID" />
35-->[com.google.android.gms:play-services-measurement-api:21.3.0] AndroidManifest.xml:25:5-79
35-->[com.google.android.gms:play-services-measurement-api:21.3.0] AndroidManifest.xml:25:22-76
36    <uses-permission android:name="com.google.android.finsky.permission.BIND_GET_INSTALL_REFERRER_SERVICE" /> <!-- for android -->
36-->[com.google.android.gms:play-services-measurement:21.3.0] AndroidManifest.xml:26:5-110
36-->[com.google.android.gms:play-services-measurement:21.3.0] AndroidManifest.xml:26:22-107
37    <!-- <uses-permission android:name="com.android.launcher.permission.READ_SETTINGS"/> -->
38    <!-- <uses-permission android:name="com.android.launcher.permission.WRITE_SETTINGS"/> -->
39    <!-- <uses-permission android:name="com.android.launcher.permission.INSTALL_SHORTCUT" /> -->
40    <!-- <uses-permission android:name="com.android.launcher.permission.UNINSTALL_SHORTCUT" /> -->
41    <!-- for Samsung -->
42    <uses-permission android:name="com.sec.android.provider.badge.permission.READ" />
42-->[me.leolin:ShortcutBadger:1.1.22] AndroidManifest.xml:19:5-86
42-->[me.leolin:ShortcutBadger:1.1.22] AndroidManifest.xml:19:22-83
43    <uses-permission android:name="com.sec.android.provider.badge.permission.WRITE" /> <!-- for htc -->
43-->[me.leolin:ShortcutBadger:1.1.22] AndroidManifest.xml:20:5-87
43-->[me.leolin:ShortcutBadger:1.1.22] AndroidManifest.xml:20:22-84
44    <uses-permission android:name="com.htc.launcher.permission.READ_SETTINGS" />
44-->[me.leolin:ShortcutBadger:1.1.22] AndroidManifest.xml:23:5-81
44-->[me.leolin:ShortcutBadger:1.1.22] AndroidManifest.xml:23:22-78
45    <uses-permission android:name="com.htc.launcher.permission.UPDATE_SHORTCUT" /> <!-- for sony -->
45-->[me.leolin:ShortcutBadger:1.1.22] AndroidManifest.xml:24:5-83
45-->[me.leolin:ShortcutBadger:1.1.22] AndroidManifest.xml:24:22-80
46    <uses-permission android:name="com.sonyericsson.home.permission.BROADCAST_BADGE" />
46-->[me.leolin:ShortcutBadger:1.1.22] AndroidManifest.xml:27:5-88
46-->[me.leolin:ShortcutBadger:1.1.22] AndroidManifest.xml:27:22-85
47    <uses-permission android:name="com.sonymobile.home.permission.PROVIDER_INSERT_BADGE" /> <!-- for apex -->
47-->[me.leolin:ShortcutBadger:1.1.22] AndroidManifest.xml:28:5-92
47-->[me.leolin:ShortcutBadger:1.1.22] AndroidManifest.xml:28:22-89
48    <uses-permission android:name="com.anddoes.launcher.permission.UPDATE_COUNT" /> <!-- for solid -->
48-->[me.leolin:ShortcutBadger:1.1.22] AndroidManifest.xml:31:5-84
48-->[me.leolin:ShortcutBadger:1.1.22] AndroidManifest.xml:31:22-81
49    <uses-permission android:name="com.majeur.launcher.permission.UPDATE_BADGE" /> <!-- for huawei -->
49-->[me.leolin:ShortcutBadger:1.1.22] AndroidManifest.xml:34:5-83
49-->[me.leolin:ShortcutBadger:1.1.22] AndroidManifest.xml:34:22-80
50    <uses-permission android:name="com.huawei.android.launcher.permission.CHANGE_BADGE" />
50-->[me.leolin:ShortcutBadger:1.1.22] AndroidManifest.xml:37:5-91
50-->[me.leolin:ShortcutBadger:1.1.22] AndroidManifest.xml:37:22-88
51    <uses-permission android:name="com.huawei.android.launcher.permission.READ_SETTINGS" />
51-->[me.leolin:ShortcutBadger:1.1.22] AndroidManifest.xml:38:5-92
51-->[me.leolin:ShortcutBadger:1.1.22] AndroidManifest.xml:38:22-89
52    <uses-permission android:name="com.huawei.android.launcher.permission.WRITE_SETTINGS" /> <!-- for ZUK -->
52-->[me.leolin:ShortcutBadger:1.1.22] AndroidManifest.xml:39:5-93
52-->[me.leolin:ShortcutBadger:1.1.22] AndroidManifest.xml:39:22-90
53    <uses-permission android:name="android.permission.READ_APP_BADGE" /> <!-- for OPPO -->
53-->[me.leolin:ShortcutBadger:1.1.22] AndroidManifest.xml:42:5-73
53-->[me.leolin:ShortcutBadger:1.1.22] AndroidManifest.xml:42:22-70
54    <uses-permission android:name="com.oppo.launcher.permission.READ_SETTINGS" />
54-->[me.leolin:ShortcutBadger:1.1.22] AndroidManifest.xml:45:5-82
54-->[me.leolin:ShortcutBadger:1.1.22] AndroidManifest.xml:45:22-79
55    <uses-permission android:name="com.oppo.launcher.permission.WRITE_SETTINGS" /> <!-- for EvMe -->
55-->[me.leolin:ShortcutBadger:1.1.22] AndroidManifest.xml:46:5-83
55-->[me.leolin:ShortcutBadger:1.1.22] AndroidManifest.xml:46:22-80
56    <uses-permission android:name="me.everything.badger.permission.BADGE_COUNT_READ" />
56-->[me.leolin:ShortcutBadger:1.1.22] AndroidManifest.xml:49:5-88
56-->[me.leolin:ShortcutBadger:1.1.22] AndroidManifest.xml:49:22-85
57    <uses-permission android:name="me.everything.badger.permission.BADGE_COUNT_WRITE" />
57-->[me.leolin:ShortcutBadger:1.1.22] AndroidManifest.xml:50:5-89
57-->[me.leolin:ShortcutBadger:1.1.22] AndroidManifest.xml:50:22-86
58
59    <application
59-->src\main\AndroidManifest.xml:9:5-16:19
60        android:name="com.ktguru.MainApplication"
60-->src\main\AndroidManifest.xml:9:18-49
61        android:allowBackup="false"
61-->src\main\AndroidManifest.xml:9:164-191
62        android:appComponentFactory="androidx.core.app.CoreComponentFactory"
62-->[androidx.core:core:1.7.0] AndroidManifest.xml:24:18-86
63        android:debuggable="true"
64        android:icon="@mipmap/ic_launcher"
64-->src\main\AndroidManifest.xml:9:83-117
65        android:label="@string/app_name"
65-->src\main\AndroidManifest.xml:9:50-82
66        android:roundIcon="@mipmap/ic_launcher_round"
66-->src\main\AndroidManifest.xml:9:118-163
67        android:theme="@style/AppTheme"
67-->src\main\AndroidManifest.xml:9:192-223
68        android:usesCleartextTraffic="true" >
68-->src\debug\AndroidManifest.xml:8:9-44
69        <activity
69-->src\debug\AndroidManifest.xml:11:9-111
70            android:name="com.facebook.react.devsupport.DevSettingsActivity"
70-->src\debug\AndroidManifest.xml:11:19-83
71            android:exported="false" />
71-->src\debug\AndroidManifest.xml:11:84-108
72        <activity
72-->src\main\AndroidManifest.xml:10:9-15:20
73            android:name="com.ktguru.MainActivity"
73-->src\main\AndroidManifest.xml:10:19-47
74            android:configChanges="keyboard|keyboardHidden|orientation|screenLayout|screenSize|smallestScreenSize|uiMode"
74-->src\main\AndroidManifest.xml:10:81-190
75            android:exported="true"
75-->src\main\AndroidManifest.xml:10:266-289
76            android:label="@string/app_name"
76-->src\main\AndroidManifest.xml:10:48-80
77            android:launchMode="singleTask"
77-->src\main\AndroidManifest.xml:10:191-222
78            android:windowSoftInputMode="adjustResize" >
78-->src\main\AndroidManifest.xml:10:223-265
79            <intent-filter>
79-->src\main\AndroidManifest.xml:11:13-14:29
80                <action android:name="android.intent.action.MAIN" />
80-->src\main\AndroidManifest.xml:12:17-68
80-->src\main\AndroidManifest.xml:12:25-66
81
82                <category android:name="android.intent.category.LAUNCHER" />
82-->src\main\AndroidManifest.xml:13:17-76
82-->src\main\AndroidManifest.xml:13:27-74
83            </intent-filter>
84        </activity>
85
86        <meta-data
86-->[:react-native-firebase_analytics] AndroidManifest.xml:14:9-16:36
87            android:name="firebase_analytics_collection_enabled"
87-->[:react-native-firebase_analytics] AndroidManifest.xml:15:13-65
88            android:value="true" />
88-->[:react-native-firebase_analytics] AndroidManifest.xml:16:13-33
89        <meta-data
89-->[:react-native-firebase_analytics] AndroidManifest.xml:17:9-19:37
90            android:name="firebase_analytics_collection_deactivated"
90-->[:react-native-firebase_analytics] AndroidManifest.xml:18:13-69
91            android:value="false" />
91-->[:react-native-firebase_analytics] AndroidManifest.xml:19:13-34
92        <meta-data
92-->[:react-native-firebase_analytics] AndroidManifest.xml:20:9-22:36
93            android:name="google_analytics_adid_collection_enabled"
93-->[:react-native-firebase_analytics] AndroidManifest.xml:21:13-68
94            android:value="true" />
94-->[:react-native-firebase_analytics] AndroidManifest.xml:22:13-33
95        <meta-data
95-->[:react-native-firebase_analytics] AndroidManifest.xml:23:9-25:36
96            android:name="google_analytics_ssaid_collection_enabled"
96-->[:react-native-firebase_analytics] AndroidManifest.xml:24:13-69
97            android:value="true" />
97-->[:react-native-firebase_analytics] AndroidManifest.xml:25:13-33
98        <meta-data
98-->[:react-native-firebase_analytics] AndroidManifest.xml:26:9-28:36
99            android:name="google_analytics_default_allow_ad_personalization_signals"
99-->[:react-native-firebase_analytics] AndroidManifest.xml:27:13-85
100            android:value="true" />
100-->[:react-native-firebase_analytics] AndroidManifest.xml:28:13-33
101        <meta-data
101-->[:react-native-firebase_analytics] AndroidManifest.xml:29:9-31:36
102            android:name="google_analytics_automatic_screen_reporting_enabled"
102-->[:react-native-firebase_analytics] AndroidManifest.xml:30:13-79
103            android:value="true" /> <!-- Disable crashlytics by default so we can custom init with CrashlyticsNdk support -->
103-->[:react-native-firebase_analytics] AndroidManifest.xml:31:13-33
104        <meta-data
104-->[:react-native-firebase_crashlytics] AndroidManifest.xml:12:9-14:37
105            android:name="firebase_crashlytics_collection_enabled"
105-->[:react-native-firebase_crashlytics] AndroidManifest.xml:13:13-67
106            android:value="false" />
106-->[:react-native-firebase_crashlytics] AndroidManifest.xml:14:13-34
107
108        <provider
108-->[:react-native-firebase_crashlytics] AndroidManifest.xml:16:9-20:38
109            android:name="io.invertase.firebase.crashlytics.ReactNativeFirebaseCrashlyticsInitProvider"
109-->[:react-native-firebase_crashlytics] AndroidManifest.xml:17:13-104
110            android:authorities="com.ktguru.reactnativefirebasecrashlyticsinitprovider"
110-->[:react-native-firebase_crashlytics] AndroidManifest.xml:18:13-94
111            android:exported="false"
111-->[:react-native-firebase_crashlytics] AndroidManifest.xml:19:13-37
112            android:initOrder="98" />
112-->[:react-native-firebase_crashlytics] AndroidManifest.xml:20:13-35
113
114        <service
114-->[:react-native-firebase_messaging] AndroidManifest.xml:14:9-16:40
115            android:name="io.invertase.firebase.messaging.ReactNativeFirebaseMessagingHeadlessService"
115-->[:react-native-firebase_messaging] AndroidManifest.xml:15:13-103
116            android:exported="false" />
116-->[:react-native-firebase_messaging] AndroidManifest.xml:16:13-37
117        <service
117-->[:react-native-firebase_messaging] AndroidManifest.xml:17:9-23:19
118            android:name="io.invertase.firebase.messaging.ReactNativeFirebaseMessagingService"
118-->[:react-native-firebase_messaging] AndroidManifest.xml:18:13-95
119            android:exported="false" >
119-->[:react-native-firebase_messaging] AndroidManifest.xml:19:13-37
120            <intent-filter>
120-->[:react-native-firebase_messaging] AndroidManifest.xml:20:13-22:29
121                <action android:name="com.google.firebase.MESSAGING_EVENT" />
121-->[:react-native-firebase_messaging] AndroidManifest.xml:21:17-78
121-->[:react-native-firebase_messaging] AndroidManifest.xml:21:25-75
122            </intent-filter>
123        </service>
124
125        <receiver
125-->[:react-native-firebase_messaging] AndroidManifest.xml:25:9-32:20
126            android:name="io.invertase.firebase.messaging.ReactNativeFirebaseMessagingReceiver"
126-->[:react-native-firebase_messaging] AndroidManifest.xml:26:13-96
127            android:exported="true"
127-->[:react-native-firebase_messaging] AndroidManifest.xml:27:13-36
128            android:permission="com.google.android.c2dm.permission.SEND" >
128-->[:react-native-firebase_messaging] AndroidManifest.xml:28:13-73
129            <intent-filter>
129-->[:react-native-firebase_messaging] AndroidManifest.xml:29:13-31:29
130                <action android:name="com.google.android.c2dm.intent.RECEIVE" />
130-->[:react-native-firebase_messaging] AndroidManifest.xml:30:17-81
130-->[:react-native-firebase_messaging] AndroidManifest.xml:30:25-78
131            </intent-filter>
132        </receiver>
133
134        <meta-data
134-->[:react-native-firebase_messaging] AndroidManifest.xml:34:9-36:36
135            android:name="firebase_messaging_auto_init_enabled"
135-->[:react-native-firebase_messaging] AndroidManifest.xml:35:13-64
136            android:value="true" />
136-->[:react-native-firebase_messaging] AndroidManifest.xml:36:13-33
137        <meta-data
137-->[:react-native-firebase_messaging] AndroidManifest.xml:37:9-39:32
138            android:name="com.google.firebase.messaging.default_notification_channel_id"
138-->[:react-native-firebase_messaging] AndroidManifest.xml:38:13-89
139            android:value="" />
139-->[:react-native-firebase_messaging] AndroidManifest.xml:39:13-29
140        <meta-data
140-->[:react-native-firebase_messaging] AndroidManifest.xml:40:9-42:47
141            android:name="com.google.firebase.messaging.default_notification_color"
141-->[:react-native-firebase_messaging] AndroidManifest.xml:41:13-84
142            android:resource="@color/white" />
142-->[:react-native-firebase_messaging] AndroidManifest.xml:42:13-44
143        <meta-data
143-->[:react-native-firebase_app] AndroidManifest.xml:11:9-13:36
144            android:name="app_data_collection_default_enabled"
144-->[:react-native-firebase_app] AndroidManifest.xml:12:13-63
145            android:value="true" />
145-->[:react-native-firebase_app] AndroidManifest.xml:13:13-33
146
147        <service
147-->[:react-native-firebase_app] AndroidManifest.xml:15:9-23:19
148            android:name="com.google.firebase.components.ComponentDiscoveryService"
148-->[:react-native-firebase_app] AndroidManifest.xml:16:13-84
149            android:directBootAware="true"
149-->[:react-native-firebase_app] AndroidManifest.xml:17:13-43
150            android:exported="false" >
150-->[:react-native-firebase_app] AndroidManifest.xml:18:13-37
151            <meta-data
151-->[:react-native-firebase_app] AndroidManifest.xml:20:13-22:85
152                android:name="com.google.firebase.components:io.invertase.firebase.app.ReactNativeFirebaseAppRegistrar"
152-->[:react-native-firebase_app] AndroidManifest.xml:21:17-120
153                android:value="com.google.firebase.components.ComponentRegistrar" />
153-->[:react-native-firebase_app] AndroidManifest.xml:22:17-82
154            <meta-data
154-->[com.google.firebase:firebase-crashlytics-ndk:18.3.7] AndroidManifest.xml:34:13-36:85
155                android:name="com.google.firebase.components:com.google.firebase.crashlytics.ndk.CrashlyticsNdkRegistrar"
155-->[com.google.firebase:firebase-crashlytics-ndk:18.3.7] AndroidManifest.xml:35:17-122
156                android:value="com.google.firebase.components.ComponentRegistrar" />
156-->[com.google.firebase:firebase-crashlytics-ndk:18.3.7] AndroidManifest.xml:36:17-82
157            <meta-data
157-->[com.google.firebase:firebase-crashlytics:18.3.7] AndroidManifest.xml:17:13-19:85
158                android:name="com.google.firebase.components:com.google.firebase.crashlytics.CrashlyticsRegistrar"
158-->[com.google.firebase:firebase-crashlytics:18.3.7] AndroidManifest.xml:18:17-115
159                android:value="com.google.firebase.components.ComponentRegistrar" />
159-->[com.google.firebase:firebase-crashlytics:18.3.7] AndroidManifest.xml:19:17-82
160            <meta-data
160-->[com.google.firebase:firebase-messaging:23.1.2] AndroidManifest.xml:55:13-57:85
161                android:name="com.google.firebase.components:com.google.firebase.messaging.FirebaseMessagingRegistrar"
161-->[com.google.firebase:firebase-messaging:23.1.2] AndroidManifest.xml:56:17-119
162                android:value="com.google.firebase.components.ComponentRegistrar" />
162-->[com.google.firebase:firebase-messaging:23.1.2] AndroidManifest.xml:57:17-82
163            <meta-data
163-->[com.google.firebase:firebase-datatransport:18.1.7] AndroidManifest.xml:27:13-29:85
164                android:name="com.google.firebase.components:com.google.firebase.datatransport.TransportRegistrar"
164-->[com.google.firebase:firebase-datatransport:18.1.7] AndroidManifest.xml:28:17-115
165                android:value="com.google.firebase.components.ComponentRegistrar" />
165-->[com.google.firebase:firebase-datatransport:18.1.7] AndroidManifest.xml:29:17-82
166            <meta-data
166-->[com.google.firebase:firebase-auth:22.0.0] AndroidManifest.xml:69:13-71:85
167                android:name="com.google.firebase.components:com.google.firebase.auth.FirebaseAuthRegistrar"
167-->[com.google.firebase:firebase-auth:22.0.0] AndroidManifest.xml:70:17-109
168                android:value="com.google.firebase.components.ComponentRegistrar" />
168-->[com.google.firebase:firebase-auth:22.0.0] AndroidManifest.xml:71:17-82
169            <meta-data
169-->[com.google.android.gms:play-services-measurement-api:21.3.0] AndroidManifest.xml:31:13-33:85
170                android:name="com.google.firebase.components:com.google.firebase.analytics.connector.internal.AnalyticsConnectorRegistrar"
170-->[com.google.android.gms:play-services-measurement-api:21.3.0] AndroidManifest.xml:32:17-139
171                android:value="com.google.firebase.components.ComponentRegistrar" />
171-->[com.google.android.gms:play-services-measurement-api:21.3.0] AndroidManifest.xml:33:17-82
172            <meta-data
172-->[com.google.firebase:firebase-installations:17.1.3] AndroidManifest.xml:17:13-19:85
173                android:name="com.google.firebase.components:com.google.firebase.installations.FirebaseInstallationsRegistrar"
173-->[com.google.firebase:firebase-installations:17.1.3] AndroidManifest.xml:18:17-127
174                android:value="com.google.firebase.components.ComponentRegistrar" />
174-->[com.google.firebase:firebase-installations:17.1.3] AndroidManifest.xml:19:17-82
175        </service>
176
177        <provider
177-->[:react-native-firebase_app] AndroidManifest.xml:25:9-29:38
178            android:name="io.invertase.firebase.app.ReactNativeFirebaseAppInitProvider"
178-->[:react-native-firebase_app] AndroidManifest.xml:26:13-88
179            android:authorities="com.ktguru.reactnativefirebaseappinitprovider"
179-->[:react-native-firebase_app] AndroidManifest.xml:27:13-86
180            android:exported="false"
180-->[:react-native-firebase_app] AndroidManifest.xml:28:13-37
181            android:initOrder="99" />
181-->[:react-native-firebase_app] AndroidManifest.xml:29:13-35
182        <provider
182-->[:react-native-image-crop-picker] AndroidManifest.xml:18:9-26:20
183            android:name="com.reactnative.ivpusic.imagepicker.IvpusicImagePickerFileProvider"
183-->[:react-native-image-crop-picker] AndroidManifest.xml:19:13-94
184            android:authorities="com.ktguru.provider"
184-->[:react-native-image-crop-picker] AndroidManifest.xml:20:13-60
185            android:exported="false"
185-->[:react-native-image-crop-picker] AndroidManifest.xml:21:13-37
186            android:grantUriPermissions="true" >
186-->[:react-native-image-crop-picker] AndroidManifest.xml:22:13-47
187            <meta-data
187-->[:react-native-image-crop-picker] AndroidManifest.xml:23:13-25:78
188                android:name="android.support.FILE_PROVIDER_PATHS"
188-->[:react-native-image-crop-picker] AndroidManifest.xml:24:17-67
189                android:resource="@xml/ivpusic_imagepicker_provider_paths" />
189-->[:react-native-image-crop-picker] AndroidManifest.xml:25:17-75
190        </provider>
191
192        <activity
192-->[:react-native-image-crop-picker] AndroidManifest.xml:28:9-30:72
193            android:name="com.yalantis.ucrop.UCropActivity"
193-->[:react-native-image-crop-picker] AndroidManifest.xml:29:13-60
194            android:theme="@style/Theme.AppCompat.Light.NoActionBar" />
194-->[:react-native-image-crop-picker] AndroidManifest.xml:30:13-69
195
196        <provider
196-->[:react-native-webview] AndroidManifest.xml:10:9-18:20
197            android:name="com.reactnativecommunity.webview.RNCWebViewFileProvider"
197-->[:react-native-webview] AndroidManifest.xml:11:13-83
198            android:authorities="com.ktguru.fileprovider"
198-->[:react-native-webview] AndroidManifest.xml:12:13-64
199            android:exported="false"
199-->[:react-native-webview] AndroidManifest.xml:13:13-37
200            android:grantUriPermissions="true" >
200-->[:react-native-webview] AndroidManifest.xml:14:13-47
201            <meta-data
201-->[:react-native-image-crop-picker] AndroidManifest.xml:23:13-25:78
202                android:name="android.support.FILE_PROVIDER_PATHS"
202-->[:react-native-image-crop-picker] AndroidManifest.xml:24:17-67
203                android:resource="@xml/file_provider_paths" />
203-->[:react-native-image-crop-picker] AndroidManifest.xml:25:17-75
204        </provider>
205        <provider
205-->[:rn-fetch-blob] AndroidManifest.xml:34:9-42:20
206            android:name="com.RNFetchBlob.Utils.FileProvider"
206-->[:rn-fetch-blob] AndroidManifest.xml:35:13-62
207            android:authorities="com.ktguru.provider"
207-->[:rn-fetch-blob] AndroidManifest.xml:36:13-60
208            android:exported="false"
208-->[:rn-fetch-blob] AndroidManifest.xml:37:13-37
209            android:grantUriPermissions="true" >
209-->[:rn-fetch-blob] AndroidManifest.xml:38:13-47
210            <meta-data
210-->[:react-native-image-crop-picker] AndroidManifest.xml:23:13-25:78
211                android:name="android.support.FILE_PROVIDER_PATHS"
211-->[:react-native-image-crop-picker] AndroidManifest.xml:24:17-67
212                android:resource="@xml/provider_paths" />
212-->[:react-native-image-crop-picker] AndroidManifest.xml:25:17-75
213        </provider>
214
215        <receiver
215-->[com.google.firebase:firebase-messaging:23.1.2] AndroidManifest.xml:31:9-38:20
216            android:name="com.google.firebase.iid.FirebaseInstanceIdReceiver"
216-->[com.google.firebase:firebase-messaging:23.1.2] AndroidManifest.xml:32:13-78
217            android:exported="true"
217-->[com.google.firebase:firebase-messaging:23.1.2] AndroidManifest.xml:33:13-36
218            android:permission="com.google.android.c2dm.permission.SEND" >
218-->[com.google.firebase:firebase-messaging:23.1.2] AndroidManifest.xml:34:13-73
219            <intent-filter>
219-->[:react-native-firebase_messaging] AndroidManifest.xml:29:13-31:29
220                <action android:name="com.google.android.c2dm.intent.RECEIVE" />
220-->[:react-native-firebase_messaging] AndroidManifest.xml:30:17-81
220-->[:react-native-firebase_messaging] AndroidManifest.xml:30:25-78
221            </intent-filter>
222        </receiver>
223        <!--
224             FirebaseMessagingService performs security checks at runtime,
225             but set to not exported to explicitly avoid allowing another app to call it.
226        -->
227        <service
227-->[com.google.firebase:firebase-messaging:23.1.2] AndroidManifest.xml:44:9-51:19
228            android:name="com.google.firebase.messaging.FirebaseMessagingService"
228-->[com.google.firebase:firebase-messaging:23.1.2] AndroidManifest.xml:45:13-82
229            android:directBootAware="true"
229-->[com.google.firebase:firebase-messaging:23.1.2] AndroidManifest.xml:46:13-43
230            android:exported="false" >
230-->[com.google.firebase:firebase-messaging:23.1.2] AndroidManifest.xml:47:13-37
231            <intent-filter android:priority="-500" >
231-->[:react-native-firebase_messaging] AndroidManifest.xml:20:13-22:29
232                <action android:name="com.google.firebase.MESSAGING_EVENT" />
232-->[:react-native-firebase_messaging] AndroidManifest.xml:21:17-78
232-->[:react-native-firebase_messaging] AndroidManifest.xml:21:25-75
233            </intent-filter>
234        </service>
235        <service
235-->[com.google.android.datatransport:transport-backend-cct:3.1.9] AndroidManifest.xml:28:9-34:19
236            android:name="com.google.android.datatransport.runtime.backends.TransportBackendDiscovery"
236-->[com.google.android.datatransport:transport-backend-cct:3.1.9] AndroidManifest.xml:29:13-103
237            android:exported="false" >
237-->[com.google.android.datatransport:transport-backend-cct:3.1.9] AndroidManifest.xml:30:13-37
238            <meta-data
238-->[com.google.android.datatransport:transport-backend-cct:3.1.9] AndroidManifest.xml:31:13-33:39
239                android:name="backend:com.google.android.datatransport.cct.CctBackendFactory"
239-->[com.google.android.datatransport:transport-backend-cct:3.1.9] AndroidManifest.xml:32:17-94
240                android:value="cct" />
240-->[com.google.android.datatransport:transport-backend-cct:3.1.9] AndroidManifest.xml:33:17-36
241        </service>
242        <service
242-->[com.google.android.datatransport:transport-runtime:3.1.9] AndroidManifest.xml:26:9-30:19
243            android:name="com.google.android.datatransport.runtime.scheduling.jobscheduling.JobInfoSchedulerService"
243-->[com.google.android.datatransport:transport-runtime:3.1.9] AndroidManifest.xml:27:13-117
244            android:exported="false"
244-->[com.google.android.datatransport:transport-runtime:3.1.9] AndroidManifest.xml:28:13-37
245            android:permission="android.permission.BIND_JOB_SERVICE" >
245-->[com.google.android.datatransport:transport-runtime:3.1.9] AndroidManifest.xml:29:13-69
246        </service>
247
248        <receiver
248-->[com.google.android.datatransport:transport-runtime:3.1.9] AndroidManifest.xml:32:9-34:40
249            android:name="com.google.android.datatransport.runtime.scheduling.jobscheduling.AlarmManagerSchedulerBroadcastReceiver"
249-->[com.google.android.datatransport:transport-runtime:3.1.9] AndroidManifest.xml:33:13-132
250            android:exported="false" />
250-->[com.google.android.datatransport:transport-runtime:3.1.9] AndroidManifest.xml:34:13-37
251
252        <activity
252-->[com.google.firebase:firebase-auth:22.0.0] AndroidManifest.xml:29:9-46:20
253            android:name="com.google.firebase.auth.internal.GenericIdpActivity"
253-->[com.google.firebase:firebase-auth:22.0.0] AndroidManifest.xml:30:13-80
254            android:excludeFromRecents="true"
254-->[com.google.firebase:firebase-auth:22.0.0] AndroidManifest.xml:31:13-46
255            android:exported="true"
255-->[com.google.firebase:firebase-auth:22.0.0] AndroidManifest.xml:32:13-36
256            android:launchMode="singleTask"
256-->[com.google.firebase:firebase-auth:22.0.0] AndroidManifest.xml:33:13-44